<?xml version="1.0" encoding="UTF-8"?>
<!-- Generated by org.testng.reporters.JUnitXMLReporter -->
<testsuite ignored="0" hostname="BOOK-SJUNL9UC11" failures="0" tests="9" name="Smoke" time="112.69" errors="0" timestamp="2026-01-27T22:57:19 IST">
  <testcase classname="com.blazedemo.tests.FlightBookingTest" name="TC01_Verify_homepage_loads_and_dropdowns_visible" time="0.389"/>
  <testcase classname="com.blazedemo.tests.FlightBookingTest" name="TC02_Search_flights_with_valid_cities" time="2.925"/>
  <testcase classname="com.blazedemo.tests.FlightBookingTest" name="TC04_Multiple_bookings_with_different_data_sets" time="9.618"/>
  <testcase classname="com.blazedemo.tests.FlightBookingTest" name="TC04_Multiple_bookings_with_different_data_sets" time="5.599"/>
  <testcase classname="com.blazedemo.tests.FlightBookingTest" name="TC04_Multiple_bookings_with_different_data_sets" time="6.695"/>
  <testcase classname="com.blazedemo.tests.FlightBookingTest" name="TC05_Blank_credit_card" time="5.203"/>
  <testcase classname="com.blazedemo.tests.FlightBookingTest" name="TC06_Invalid_credit_card_characters" time="3.955"/>
  <testcase classname="com.blazedemo.tests.FlightBookingTest" name="TC07_Same_departure_and_destination_city" time="0.476"/>
  <testcase classname="com.blazedemo.tests.FlightBookingTest" name="TC03_Complete_a_flight_booking" time="5.268"/>
</testsuite> <!-- Smoke -->
