<?xml version="1.0" encoding="UTF-8"?>
<!-- Generated by org.testng.reporters.JUnitXMLReporter -->
<testsuite ignored="0" hostname="BOOK-SJUNL9UC11" failures="8" tests="9" name="All Test" time="0.182" errors="0" timestamp="2026-01-27T00:01:11 IST">
  <testcase classname="com.blazedemo.tests.FlightBookingTest" name="TC01_Verify_homepage_loads_and_dropdowns_visible" time="0.041">
    <failure type="java.lang.NullPointerException">
      <![CDATA[java.lang.NullPointerException
at com.blazedemo.pages.HomePage.verifyTitle(HomePage.java:43)
at com.blazedemo.tests.FlightBookingTest.TC01_Verify_homepage_loads_and_dropdowns_visible(FlightBookingTest.java:21)
at java.base/java.util.ArrayList.forEach(ArrayList.java:1541)
... Removed 27 stack frames]]>
    </failure>
  </testcase> <!-- TC01_Verify_homepage_loads_and_dropdowns_visible -->
  <testcase classname="com.blazedemo.tests.FlightBookingTest" name="TC02_Search_flights_with_valid_cities" time="0.006">
    <failure type="java.lang.NullPointerException">
      <![CDATA[java.lang.NullPointerException
at com.blazedemo.pages.HomePage.searchFlight(HomePage.java:32)
at com.blazedemo.tests.FlightBookingTest.TC02_Search_flights_with_valid_cities(FlightBookingTest.java:31)
at java.base/java.util.ArrayList.forEach(ArrayList.java:1541)
... Removed 27 stack frames]]>
    </failure>
  </testcase> <!-- TC02_Search_flights_with_valid_cities -->
  <testcase classname="com.blazedemo.tests.FlightBookingTest" name="TC04_Multiple_bookings_with_different_data_sets" time="0.001">
    <failure type="java.lang.NullPointerException">
      <![CDATA[java.lang.NullPointerException
at com.blazedemo.pages.HomePage.searchFlight(HomePage.java:32)
at com.blazedemo.tests.FlightBookingTest.TC04_Multiple_bookings_with_different_data_sets(FlightBookingTest.java:59)
at java.base/java.util.ArrayList.forEach(ArrayList.java:1541)
... Removed 27 stack frames]]>
    </failure>
  </testcase> <!-- TC04_Multiple_bookings_with_different_data_sets -->
  <testcase classname="com.blazedemo.tests.FlightBookingTest" name="TC04_Multiple_bookings_with_different_data_sets" time="0.001">
    <failure type="java.lang.NullPointerException">
      <![CDATA[java.lang.NullPointerException
at com.blazedemo.pages.HomePage.searchFlight(HomePage.java:32)
at com.blazedemo.tests.FlightBookingTest.TC04_Multiple_bookings_with_different_data_sets(FlightBookingTest.java:59)
at java.base/java.util.ArrayList.forEach(ArrayList.java:1541)
... Removed 27 stack frames]]>
    </failure>
  </testcase> <!-- TC04_Multiple_bookings_with_different_data_sets -->
  <testcase classname="com.blazedemo.tests.FlightBookingTest" name="TC04_Multiple_bookings_with_different_data_sets" time="0.001">
    <failure type="java.lang.NullPointerException">
      <![CDATA[java.lang.NullPointerException
at com.blazedemo.pages.HomePage.searchFlight(HomePage.java:32)
at com.blazedemo.tests.FlightBookingTest.TC04_Multiple_bookings_with_different_data_sets(FlightBookingTest.java:59)
at java.base/java.util.ArrayList.forEach(ArrayList.java:1541)
... Removed 27 stack frames]]>
    </failure>
  </testcase> <!-- TC04_Multiple_bookings_with_different_data_sets -->
  <testcase classname="com.blazedemo.tests.FlightBookingTest" name="TC05_Blank_credit_card" time="0.003">
    <failure type="java.lang.NullPointerException">
      <![CDATA[java.lang.NullPointerException
at com.blazedemo.pages.HomePage.searchFlight(HomePage.java:32)
at com.blazedemo.tests.FlightBookingTest.TC05_Blank_credit_card(FlightBookingTest.java:77)
at java.base/java.util.ArrayList.forEach(ArrayList.java:1541)
... Removed 27 stack frames]]>
    </failure>
  </testcase> <!-- TC05_Blank_credit_card -->
  <testcase classname="com.blazedemo.tests.FlightBookingTest" name="TC06_Invalid_credit_card_characters" time="0.002">
    <failure type="java.lang.NullPointerException">
      <![CDATA[java.lang.NullPointerException
at com.blazedemo.pages.HomePage.searchFlight(HomePage.java:32)
at com.blazedemo.tests.FlightBookingTest.TC06_Invalid_credit_card_characters(FlightBookingTest.java:93)
at java.base/java.util.ArrayList.forEach(ArrayList.java:1541)
... Removed 27 stack frames]]>
    </failure>
  </testcase> <!-- TC06_Invalid_credit_card_characters -->
  <testcase classname="com.blazedemo.tests.FlightBookingTest" name="TC07_Same_departure_and_destination_city" time="0.001">
    <failure type="org.testng.TestException" message="
Expected exception of type class org.openqa.selenium.NoSuchElementException but got java.lang.NullPointerException">
      <![CDATA[org.testng.TestException: 
Expected exception of type class org.openqa.selenium.NoSuchElementException but got java.lang.NullPointerException
at java.base/java.util.ArrayList.forEach(ArrayList.java:1541)
Caused by: java.lang.NullPointerException
at com.blazedemo.pages.HomePage.sameDepartureandDestination(HomePage.java:65)
at com.blazedemo.tests.FlightBookingTest.TC07_Same_departure_and_destination_city(FlightBookingTest.java:107)
... 22 more
... Removed 31 stack frames]]>
    </failure>
  </testcase> <!-- TC07_Same_departure_and_destination_city -->
  <testcase classname="com.blazedemo.tests.FlightBookingTest" name="TC03_Complete_a_flight_booking" time="0.0">
    <skipped/>
  </testcase> <!-- TC03_Complete_a_flight_booking -->
</testsuite> <!-- All Test -->
