<?xml version="1.0" encoding="UTF-8"?>
<!-- Generated by org.testng.reporters.JUnitXMLReporter -->
<testsuite ignored="0" hostname="BOOK-SJUNL9UC11" failures="0" tests="9" name="Functional" time="148.694" errors="0" timestamp="2026-01-27T22:49:00 IST">
  <testcase classname="com.blazedemo.tests.FlightBookingTest" name="TC01_Verify_homepage_loads_and_dropdowns_visible" time="0.272"/>
  <testcase classname="com.blazedemo.tests.FlightBookingTest" name="TC02_Search_flights_with_valid_cities" time="1.818"/>
  <testcase classname="com.blazedemo.tests.FlightBookingTest" name="TC04_Multiple_bookings_with_different_data_sets" time="7.942"/>
  <testcase classname="com.blazedemo.tests.FlightBookingTest" name="TC04_Multiple_bookings_with_different_data_sets" time="5.904"/>
  <testcase classname="com.blazedemo.tests.FlightBookingTest" name="TC04_Multiple_bookings_with_different_data_sets" time="13.632"/>
  <testcase classname="com.blazedemo.tests.FlightBookingTest" name="TC05_Blank_credit_card" time="8.411"/>
  <testcase classname="com.blazedemo.tests.FlightBookingTest" name="TC06_Invalid_credit_card_characters" time="10.104"/>
  <testcase classname="com.blazedemo.tests.FlightBookingTest" name="TC07_Same_departure_and_destination_city" time="0.829"/>
  <testcase classname="com.blazedemo.tests.FlightBookingTest" name="TC03_Complete_a_flight_booking" time="6.513"/>
</testsuite> <!-- Functional -->
