<?xml version="1.0" encoding="UTF-8"?>
<!-- Generated by org.testng.reporters.JUnitXMLReporter -->
<testsuite ignored="0" hostname="BOOK-SJUNL9UC11" failures="0" tests="9" name="Negative" time="9.051" errors="0" timestamp="2026-01-27T20:30:52 IST">
  <testcase classname="com.blazedemo.tests.FlightBookingTest" name="TC01_Verify_homepage_loads_and_dropdowns_visible" time="0.001">
    <skipped/>
  </testcase> <!-- TC01_Verify_homepage_loads_and_dropdowns_visible -->
  <testcase classname="com.blazedemo.tests.FlightBookingTest" name="TC02_Search_flights_with_valid_cities" time="0.0">
    <skipped/>
  </testcase> <!-- TC02_Search_flights_with_valid_cities -->
  <testcase classname="com.blazedemo.tests.FlightBookingTest" name="TC04_Multiple_bookings_with_different_data_sets" time="0.0">
    <skipped/>
  </testcase> <!-- TC04_Multiple_bookings_with_different_data_sets -->
  <testcase classname="com.blazedemo.tests.FlightBookingTest" name="TC04_Multiple_bookings_with_different_data_sets" time="0.0">
    <skipped/>
  </testcase> <!-- TC04_Multiple_bookings_with_different_data_sets -->
  <testcase classname="com.blazedemo.tests.FlightBookingTest" name="TC04_Multiple_bookings_with_different_data_sets" time="0.0">
    <skipped/>
  </testcase> <!-- TC04_Multiple_bookings_with_different_data_sets -->
  <testcase classname="com.blazedemo.tests.FlightBookingTest" name="TC05_Blank_credit_card" time="0.0">
    <skipped/>
  </testcase> <!-- TC05_Blank_credit_card -->
  <testcase classname="com.blazedemo.tests.FlightBookingTest" name="TC06_Invalid_credit_card_characters" time="0.001">
    <skipped/>
  </testcase> <!-- TC06_Invalid_credit_card_characters -->
  <testcase classname="com.blazedemo.tests.FlightBookingTest" name="TC07_Same_departure_and_destination_city" time="0.0">
    <skipped/>
  </testcase> <!-- TC07_Same_departure_and_destination_city -->
  <testcase classname="com.blazedemo.tests.FlightBookingTest" name="TC03_Complete_a_flight_booking" time="0.0">
    <skipped/>
  </testcase> <!-- TC03_Complete_a_flight_booking -->
</testsuite> <!-- Negative -->
