<?xml version="1.0" encoding="UTF-8"?>
<!-- Generated by org.testng.reporters.JUnitXMLReporter -->
<testsuite ignored="0" hostname="BOOK-SJUNL9UC11" failures="0" tests="9" name="Smoke" time="132.542" errors="0" timestamp="2026-01-27T22:46:31 IST">
  <testcase classname="com.blazedemo.tests.FlightBookingTest" name="TC01_Verify_homepage_loads_and_dropdowns_visible" time="8.892"/>
  <testcase classname="com.blazedemo.tests.FlightBookingTest" name="TC02_Search_flights_with_valid_cities" time="3.459"/>
  <testcase classname="com.blazedemo.tests.FlightBookingTest" name="TC04_Multiple_bookings_with_different_data_sets" time="6.973"/>
  <testcase classname="com.blazedemo.tests.FlightBookingTest" name="TC04_Multiple_bookings_with_different_data_sets" time="12.938"/>
  <testcase classname="com.blazedemo.tests.FlightBookingTest" name="TC04_Multiple_bookings_with_different_data_sets" time="8.575"/>
  <testcase classname="com.blazedemo.tests.FlightBookingTest" name="TC05_Blank_credit_card" time="7.066"/>
  <testcase classname="com.blazedemo.tests.FlightBookingTest" name="TC06_Invalid_credit_card_characters" time="4.583"/>
  <testcase classname="com.blazedemo.tests.FlightBookingTest" name="TC07_Same_departure_and_destination_city" time="0.782"/>
  <testcase classname="com.blazedemo.tests.FlightBookingTest" name="TC03_Complete_a_flight_booking" time="7.719"/>
</testsuite> <!-- Smoke -->
