<html>
<head>
<title>TestNG:  Smoke</title>
<link href="../testng.css" rel="stylesheet" type="text/css" />
<link href="../my-testng.css" rel="stylesheet" type="text/css" />

<style type="text/css">
.log { display: none;} 
.stack-trace { display: none;} 
</style>
<script type="text/javascript">
<!--
function flip(e) {
  current = e.style.display;
  if (current == 'block') {
    e.style.display = 'none';
    return 0;
  }
  else {
    e.style.display = 'block';
    return 1;
  }
}

function toggleBox(szDivId, elem, msg1, msg2)
{
  var res = -1;  if (document.getElementById) {
    res = flip(document.getElementById(szDivId));
  }
  else if (document.all) {
    // this is the way old msie versions work
    res = flip(document.all[szDivId]);
  }
  if(elem) {
    if(res == 0) elem.innerHTML = msg1; else elem.innerHTML = msg2;
  }

}

function toggleAllBoxes() {
  if (document.getElementsByTagName) {
    d = document.getElementsByTagName('div');
    for (i = 0; i < d.length; i++) {
      if (d[i].className == 'log') {
        flip(d[i]);
      }
    }
  }
}

// -->
</script>

</head>
<body>
<h2 align='center'>Smoke</h2><table border='1' align="center">
<tr>
<td>Tests passed/Failed/Skipped:</td><td>9/0/0</td>
</tr><tr>
<td>Started on:</td><td>Tue Jan 27 22:44:18 IST 2026</td>
</tr>
<tr><td>Total time:</td><td>132 seconds (132542 ms)</td>
</tr><tr>
<td>Included groups:</td><td></td>
</tr><tr>
<td>Excluded groups:</td><td></td>
</tr>
</table><p/>
<small><i>(Hover the method name to see the test class name)</i></small><p/>
<table width='100%' border='1' class='invocation-passed'>
<tr><td colspan='4' align='center'><b>PASSED TESTS</b></td></tr>
<tr><td><b>Test method</b></td>
<td><b>Attribute(s)</b></td>
<td width="30%"><b>Exception</b></td>
<td width="10%"><b>Time (seconds)</b></td>
<td><b>Instance</b></td>
</tr>
<tr>
<td title='com.blazedemo.tests.FlightBookingTest.TC04_Multiple_bookings_with_different_data_sets()'><b>TC04_Multiple_bookings_with_different_data_sets</b><br>Test class: com.blazedemo.tests.FlightBookingTest<br>Parameters: Philadelphia, Cairo, 234, Brain Lara, 125 West Stree, West Indies, WI, 001587, American Express, 2227 6547 7878, 04, 2045, Brain Lara</td>
<td></td>
<td>8</td>
<td>com.blazedemo.tests.FlightBookingTest@71075444</td></tr>
<tr>
<td title='com.blazedemo.tests.FlightBookingTest.TC01_Verify_homepage_loads_and_dropdowns_visible()'><b>TC01_Verify_homepage_loads_and_dropdowns_visible</b><br>Test class: com.blazedemo.tests.FlightBookingTest</td>
<td></td>
<td>8</td>
<td>com.blazedemo.tests.FlightBookingTest@71075444</td></tr>
<tr>
<td title='com.blazedemo.tests.FlightBookingTest.TC07_Same_departure_and_destination_city()'><b>TC07_Same_departure_and_destination_city</b><br>Test class: com.blazedemo.tests.FlightBookingTest<br>Parameters: Mexico City, Mexico City</td>
<td><div><pre>org.openqa.selenium.NoSuchElementException: Cannot locate option with text: Mexico City
For documentation on this error, please visit: https://www.selenium.dev/documentation/webdriver/troubleshooting/errors#no-such-element-exception
Build info: version: &apos;4.27.0&apos;, revision: &apos;d6e718d134&apos;
System info: os.name: &apos;Windows 11&apos;, os.arch: &apos;amd64&apos;, os.version: &apos;10.0&apos;, java.version: &apos;11.0.29&apos;
Driver info: driver.version: unknown
	at org.openqa.selenium.support.ui.Select.selectByContainsVisibleText(Select.java:236)
	at com.blazedemo.pages.HomePage.sameDepartureandDestination(HomePage.java:70)
	at com.blazedemo.tests.FlightBookingTest.TC07_Same_departure_and_destination_city(FlightBookingTest.java:107)
	at java.base/java.util.ArrayList.forEach(ArrayList.java:1541)
... Removed 27 stack frames</pre></div><a href='#' onClick='toggleBox("stack-trace719699252", this, "Click to show all stack frames", "Click to hide stack frames")'>Click to show all stack frames</a>
<div class='stack-trace' id='stack-trace719699252'><pre>org.openqa.selenium.NoSuchElementException: Cannot locate option with text: Mexico City
For documentation on this error, please visit: https://www.selenium.dev/documentation/webdriver/troubleshooting/errors#no-such-element-exception
Build info: version: &apos;4.27.0&apos;, revision: &apos;d6e718d134&apos;
System info: os.name: &apos;Windows 11&apos;, os.arch: &apos;amd64&apos;, os.version: &apos;10.0&apos;, java.version: &apos;11.0.29&apos;
Driver info: driver.version: unknown
	at org.openqa.selenium.support.ui.Select.selectByContainsVisibleText(Select.java:236)
	at com.blazedemo.pages.HomePage.sameDepartureandDestination(HomePage.java:70)
	at com.blazedemo.tests.FlightBookingTest.TC07_Same_departure_and_destination_city(FlightBookingTest.java:107)
	at java.base/jdk.internal.reflect.NativeMethodAccessorImpl.invoke0(Native Method)
	at java.base/jdk.internal.reflect.NativeMethodAccessorImpl.invoke(NativeMethodAccessorImpl.java:62)
	at java.base/jdk.internal.reflect.DelegatingMethodAccessorImpl.invoke(DelegatingMethodAccessorImpl.java:43)
	at java.base/java.lang.reflect.Method.invoke(Method.java:566)
	at org.testng.internal.invokers.MethodInvocationHelper.invokeMethod(MethodInvocationHelper.java:141)
	at org.testng.internal.invokers.TestInvoker.invokeMethod(TestInvoker.java:687)
	at org.testng.internal.invokers.TestInvoker.invokeTestMethod(TestInvoker.java:230)
	at org.testng.internal.invokers.MethodRunner.runInSequence(MethodRunner.java:63)
	at org.testng.internal.invokers.TestInvoker$MethodInvocationAgent.invoke(TestInvoker.java:995)
	at org.testng.internal.invokers.TestInvoker.invokeTestMethods(TestInvoker.java:203)
	at org.testng.internal.invokers.TestMethodWorker.invokeTestMethods(TestMethodWorker.java:154)
	at org.testng.internal.invokers.TestMethodWorker.run(TestMethodWorker.java:134)
	at java.base/java.util.ArrayList.forEach(ArrayList.java:1541)
	at org.testng.TestRunner.privateRun(TestRunner.java:741)
	at org.testng.TestRunner.run(TestRunner.java:616)
	at org.testng.SuiteRunner.runTest(SuiteRunner.java:421)
	at org.testng.SuiteRunner.runSequentially(SuiteRunner.java:413)
	at org.testng.SuiteRunner.privateRun(SuiteRunner.java:373)
	at org.testng.SuiteRunner.run(SuiteRunner.java:312)
	at org.testng.SuiteRunnerWorker.runSuite(SuiteRunnerWorker.java:52)
	at org.testng.SuiteRunnerWorker.run(SuiteRunnerWorker.java:95)
	at org.testng.TestNG.runSuitesSequentially(TestNG.java:1274)
	at org.testng.TestNG.runSuitesLocally(TestNG.java:1208)
	at org.testng.TestNG.runSuites(TestNG.java:1112)
	at org.testng.TestNG.run(TestNG.java:1079)
	at org.testng.remote.AbstractRemoteTestNG.run(AbstractRemoteTestNG.java:115)
	at org.testng.remote.RemoteTestNG.initAndRun(RemoteTestNG.java:293)
	at org.testng.remote.RemoteTestNG.main(RemoteTestNG.java:91)
</pre></div></td>
<td>0</td>
<td>com.blazedemo.tests.FlightBookingTest@71075444</td></tr>
<tr>
<td title='com.blazedemo.tests.FlightBookingTest.TC04_Multiple_bookings_with_different_data_sets()'><b>TC04_Multiple_bookings_with_different_data_sets</b><br>Test class: com.blazedemo.tests.FlightBookingTest<br>Parameters: Portland, Dublin, 4346, Sachin, 2547 Seconds Stree, Trichy, TN, 621216, Visa, 1234 4567 8910, 06, 2040, Sachin Tendulkar</td>
<td></td>
<td>6</td>
<td>com.blazedemo.tests.FlightBookingTest@71075444</td></tr>
<tr>
<td title='com.blazedemo.tests.FlightBookingTest.TC06_Invalid_credit_card_characters()'><b>TC06_Invalid_credit_card_characters</b><br>Test class: com.blazedemo.tests.FlightBookingTest<br>Parameters: Mexico City, Berlin, 234, Wirendar Shewag, No 10 lard Stree, Delhi, MP, 787216, Visa, qwer werr 1234 6577, 12, 2039, Shewag</td>
<td></td>
<td>4</td>
<td>com.blazedemo.tests.FlightBookingTest@71075444</td></tr>
<tr>
<td title='com.blazedemo.tests.FlightBookingTest.TC04_Multiple_bookings_with_different_data_sets()'><b>TC04_Multiple_bookings_with_different_data_sets</b><br>Test class: com.blazedemo.tests.FlightBookingTest<br>Parameters: Mexico City, London, 9696, Rahul Dravit, No 10 lard Stree, Bangalore, AP, 987216, Diner's Club, 9999 8888 7777, 01, 2038, Rahul Dravit</td>
<td></td>
<td>12</td>
<td>com.blazedemo.tests.FlightBookingTest@71075444</td></tr>
<tr>
<td title='com.blazedemo.tests.FlightBookingTest.TC05_Blank_credit_card()'><b>TC05_Blank_credit_card</b><br>Test class: com.blazedemo.tests.FlightBookingTest<br>Parameters: SÃ£o Paolo, Rome, 9696, Rahul Dravit, No 10 lard Stree, Bangalore, AP, 987216, , , , , </td>
<td></td>
<td>7</td>
<td>com.blazedemo.tests.FlightBookingTest@71075444</td></tr>
<tr>
<td title='com.blazedemo.tests.FlightBookingTest.TC03_Complete_a_flight_booking()'><b>TC03_Complete_a_flight_booking</b><br>Test class: com.blazedemo.tests.FlightBookingTest<br>Parameters: Paris, Buenos Aires, 4346, Vikranth Mano, 123 Main St, New York, NY, 10001, American Express, 1234 1234 1234, 10, 2035, Vikranth M</td>
<td></td>
<td>7</td>
<td>com.blazedemo.tests.FlightBookingTest@71075444</td></tr>
<tr>
<td title='com.blazedemo.tests.FlightBookingTest.TC02_Search_flights_with_valid_cities()'><b>TC02_Search_flights_with_valid_cities</b><br>Test class: com.blazedemo.tests.FlightBookingTest<br>Parameters: Boston, Buenos Aires</td>
<td></td>
<td>3</td>
<td>com.blazedemo.tests.FlightBookingTest@71075444</td></tr>
</table><p>
</body>
</html>