<?xml version="1.0" encoding="UTF-8"?>
<testng-results ignored="6" total="7" passed="1" failed="0" skipped="0">
  <reporter-output>
  </reporter-output>
  <suite started-at="2026-01-27T23:06:24 IST" name="BlazeDemo-Suite_Smoke_Only" finished-at="2026-01-27T23:06:33 IST" duration-ms="8746">
    <groups>
      <group name="Smoke">
        <method signature="FlightBookingTest.TC01_Verify_homepage_loads_and_dropdowns_visible()[pri:0, instance:com.blazedemo.tests.FlightBookingTest@6f53b8a]" name="TC01_Verify_homepage_loads_and_dropdowns_visible" class="com.blazedemo.tests.FlightBookingTest"/>
      </group> <!-- Smoke -->
    </groups>
    <test started-at="2026-01-27T23:06:24 IST" name="Smoke_TestCase" finished-at="2026-01-27T23:06:33 IST" duration-ms="8746">
      <class name="com.blazedemo.tests.FlightBookingTest">
        <test-method is-config="true" signature="baseSetup()[pri:0, instance:com.blazedemo.tests.FlightBookingTest@6f53b8a]" started-at="2026-01-27T23:06:25 IST" name="baseSetup" finished-at="2026-01-27T23:06:33 IST" duration-ms="7834" status="PASS">
          <reporter-output>
          </reporter-output>
        </test-method> <!-- baseSetup -->
        <test-method signature="TC01_Verify_homepage_loads_and_dropdowns_visible()[pri:0, instance:com.blazedemo.tests.FlightBookingTest@6f53b8a]" started-at="2026-01-27T23:06:33 IST" name="TC01_Verify_homepage_loads_and_dropdowns_visible" finished-at="2026-01-27T23:06:33 IST" duration-ms="388" status="PASS">
          <reporter-output>
          </reporter-output>
        </test-method> <!-- TC01_Verify_homepage_loads_and_dropdowns_visible -->
        <test-method is-config="true" signature="tearDown()[pri:0, instance:com.blazedemo.tests.FlightBookingTest@6f53b8a]" started-at="2026-01-27T23:06:33 IST" name="tearDown" finished-at="2026-01-27T23:06:33 IST" duration-ms="221" status="PASS">
          <reporter-output>
          </reporter-output>
        </test-method> <!-- tearDown -->
      </class> <!-- com.blazedemo.tests.FlightBookingTest -->
    </test> <!-- Smoke_TestCase -->
  </suite> <!-- BlazeDemo-Suite_Smoke_Only -->
</testng-results>
